<?xml version="1.0" encoding="UTF-8"?>
<!-- Generated by org.testng.reporters.JUnitXMLReporter -->
<testsuite ignored="0" hostname="sidharth" failures="0" tests="7" name="Testie" time="0.694" errors="0" timestamp="2021-07-14T16:04:31 IST">
  <testcase classname="com.actitime.testCases.LoginBaseClass" name="@BeforeClass setup" time="0.357">
    <failure type="java.lang.IllegalStateException" message="The path to the driver executable must be set by the webdriver.ie.driver system property; for more information, see https://github.com/SeleniumHQ/selenium/wiki/InternetExplorerDriver. The latest version can be downloaded from http://selenium-release.storage.googleapis.com/index.html">
      <![CDATA[java.lang.IllegalStateException: The path to the driver executable must be set by the webdriver.ie.driver system property; for more information, see https://github.com/SeleniumHQ/selenium/wiki/InternetExplorerDriver. The latest version can be downloaded from http://selenium-release.storage.googleapis.com/index.html
at com.google.common.base.Preconditions.checkState(Preconditions.java:847)
at org.openqa.selenium.remote.service.DriverService.findExecutable(DriverService.java:134)
at org.openqa.selenium.ie.InternetExplorerDriverService.access$000(InternetExplorerDriverService.java:35)
at org.openqa.selenium.ie.InternetExplorerDriverService$Builder.findDefaultExecutable(InternetExplorerDriverService.java:175)
at org.openqa.selenium.remote.service.DriverService$Builder.build(DriverService.java:355)
at org.openqa.selenium.ie.InternetExplorerDriver.setupService(InternetExplorerDriver.java:281)
at org.openqa.selenium.ie.InternetExplorerDriver.<init>(InternetExplorerDriver.java:211)
at org.openqa.selenium.ie.InternetExplorerDriver.<init>(InternetExplorerDriver.java:150)
at com.actitime.testCases.LoginBaseClass.setup(LoginBaseClass.java:36)
at java.base/java.util.ArrayList.forEach(ArrayList.java:1511)
... Removed 25 stack frames]]>
    </failure>
  </testcase> <!-- @BeforeClass setup -->
  <testcase classname="com.actitime.testCases.LoginBaseClass" name="@AfterMethod teardown" time="-1.62625887089E9">
    <skipped/>
  </testcase> <!-- @AfterMethod teardown -->
  <testcase classname="com.actitime.testCases.TC_LoginTest_001" name="loginTest" time="0.0">
    <skipped/>
  </testcase> <!-- loginTest -->
  <testcase classname="com.actitime.testCases.TC_LoginTest_001" name="HomePage" time="0.0">
    <skipped/>
  </testcase> <!-- HomePage -->
  <testcase classname="com.actitime.testCases.TC_LoginTest_001" name="TaskPage" time="0.0">
    <skipped/>
  </testcase> <!-- TaskPage -->
  <testcase classname="com.actitime.testCases.TC_LoginTest_001" name="CreatCustomer" time="0.0">
    <skipped/>
  </testcase> <!-- CreatCustomer -->
  <testcase classname="com.actitime.testCases.TC_LoginTest_001" name="Setting" time="0.0">
    <skipped/>
  </testcase> <!-- Setting -->
  <testcase classname="com.actitime.testCases.TC_LoginTest_001" name="Leavepage" time="0.0">
    <skipped/>
  </testcase> <!-- Leavepage -->
  <testcase classname="com.actitime.testCases.TC_LoginTest_001" name="logout" time="0.0">
    <skipped/>
  </testcase> <!-- logout -->
</testsuite> <!-- Testie -->
